2026-03-01 10:25:26 [main] INFO  api.test.UserTests2 - ************Creating user***************
2026-03-01 10:25:33 [main] INFO  api.test.UserTests2 - ************User is Created***************
2026-03-01 10:25:33 [main] INFO  api.test.UserTests2 - ************Reading user info***************
2026-03-01 10:25:34 [main] INFO  api.test.UserTests2 - ************User info is displayed***************
2026-03-01 10:25:34 [main] INFO  api.test.UserTests2 - ************Updating user ***************
2026-03-01 10:25:36 [main] INFO  api.test.UserTests2 - ************User is Updated***************
2026-03-01 10:25:37 [main] INFO  api.test.UserTests2 - ************Deleting User***************
2026-03-01 10:25:38 [main] INFO  api.test.UserTests2 - ************User Deleted***************
2026-03-01 10:38:46 [main] INFO  api.test.UserTests - ************Creating user***************
2026-03-01 10:38:47 [main] INFO  api.test.UserTests - ************User is Created***************
2026-03-01 10:38:47 [main] INFO  api.test.UserTests - ************Reading user info***************
2026-03-01 10:38:49 [main] INFO  api.test.UserTests - ************User info is displayed***************
2026-03-01 10:38:49 [main] INFO  api.test.UserTests - ************Updating user ***************
2026-03-01 10:38:50 [main] INFO  api.test.UserTests - ************User is Updated***************
2026-03-01 10:38:52 [main] INFO  api.test.UserTests - ************Deleting User***************
2026-03-01 10:38:53 [main] INFO  api.test.UserTests - ************User Deleted***************
2026-03-01 10:45:21 [main] INFO  api.test.UserTests - ************Creating user***************
2026-03-01 10:45:22 [main] INFO  api.test.UserTests - ************User is Created***************
2026-03-01 10:45:22 [main] INFO  api.test.UserTests - ************Reading user info***************
2026-03-01 10:45:24 [main] INFO  api.test.UserTests - ************User info is displayed***************
2026-03-01 10:45:24 [main] INFO  api.test.UserTests - ************Updating user ***************
2026-03-01 10:45:25 [main] INFO  api.test.UserTests - ************User is Updated***************
2026-03-01 10:45:26 [main] INFO  api.test.UserTests - ************Deleting User***************
2026-03-01 10:45:28 [main] INFO  api.test.UserTests - ************User Deleted***************
2026-03-01 10:46:10 [main] INFO  api.test.UserTests2 - ************Creating user***************
2026-03-01 10:46:16 [main] INFO  api.test.UserTests2 - ************User is Created***************
2026-03-01 10:46:16 [main] INFO  api.test.UserTests2 - ************Reading user info***************
2026-03-01 10:46:17 [main] INFO  api.test.UserTests2 - ************User info is displayed***************
2026-03-01 10:46:17 [main] INFO  api.test.UserTests2 - ************Updating user ***************
2026-03-01 10:46:19 [main] INFO  api.test.UserTests2 - ************User is Updated***************
2026-03-01 10:46:20 [main] INFO  api.test.UserTests2 - ************Deleting User***************
2026-03-01 10:46:21 [main] INFO  api.test.UserTests2 - ************User Deleted***************
2026-03-01 10:48:25 [main] INFO  api.test.UserTests - ************Creating user***************
2026-03-01 10:48:26 [main] INFO  api.test.UserTests - ************User is Created***************
2026-03-01 10:48:26 [main] INFO  api.test.UserTests - ************Reading user info***************
2026-03-01 10:48:28 [main] INFO  api.test.UserTests - ************User info is displayed***************
2026-03-01 10:48:28 [main] INFO  api.test.UserTests - ************Updating user ***************
2026-03-01 10:48:29 [main] INFO  api.test.UserTests - ************User is Updated***************
2026-03-01 10:48:30 [main] INFO  api.test.UserTests - ************Deleting User***************
2026-03-01 10:48:32 [main] INFO  api.test.UserTests - ************User Deleted***************
2026-03-01 10:50:25 [main] INFO  api.test.UserTests - ************Creating user***************
2026-03-01 10:50:26 [main] INFO  api.test.UserTests - ************User is Created***************
2026-03-01 10:50:26 [main] INFO  api.test.UserTests - ************Reading user info***************
2026-03-01 10:50:28 [main] INFO  api.test.UserTests - ************User info is displayed***************
2026-03-01 10:50:28 [main] INFO  api.test.UserTests - ************Updating user ***************
2026-03-01 10:50:29 [main] INFO  api.test.UserTests - ************User is Updated***************
2026-03-01 10:50:31 [main] INFO  api.test.UserTests - ************Deleting User***************
2026-03-01 10:50:32 [main] INFO  api.test.UserTests - ************User Deleted***************
2026-03-01 10:56:13 [main] INFO  api.test.UserTests2 - ************Creating user***************
2026-03-01 10:56:20 [main] INFO  api.test.UserTests2 - ************User is Created***************
2026-03-01 10:56:20 [main] INFO  api.test.UserTests2 - ************Reading user info***************
2026-03-01 10:56:21 [main] INFO  api.test.UserTests2 - ************User info is displayed***************
2026-03-01 10:56:21 [main] INFO  api.test.UserTests2 - ************Updating user ***************
2026-03-01 10:56:22 [main] INFO  api.test.UserTests2 - ************User is Updated***************
2026-03-01 10:56:24 [main] INFO  api.test.UserTests2 - ************Deleting User***************
2026-03-01 10:56:25 [main] INFO  api.test.UserTests2 - ************User Deleted***************
2026-03-01 10:58:31 [main] INFO  api.test.UserTests2 - ************Creating user***************
2026-03-01 10:58:37 [main] INFO  api.test.UserTests2 - ************User is Created***************
2026-03-01 10:58:37 [main] INFO  api.test.UserTests2 - ************Reading user info***************
2026-03-01 10:58:39 [main] INFO  api.test.UserTests2 - ************User info is displayed***************
2026-03-01 10:58:39 [main] INFO  api.test.UserTests2 - ************Updating user ***************
2026-03-01 10:58:40 [main] INFO  api.test.UserTests2 - ************User is Updated***************
2026-03-01 10:58:42 [main] INFO  api.test.UserTests2 - ************Deleting User***************
2026-03-01 10:58:43 [main] INFO  api.test.UserTests2 - ************User Deleted***************
2026-03-01 11:21:04 [main] INFO  api.test.UserTests2 - ************Creating user***************
2026-03-01 11:21:10 [main] INFO  api.test.UserTests2 - ************User is Created***************
2026-03-01 11:21:11 [main] INFO  api.test.UserTests2 - ************Reading user info***************
2026-03-01 11:21:12 [main] INFO  api.test.UserTests2 - ************User info is displayed***************
2026-03-01 11:21:12 [main] INFO  api.test.UserTests2 - ************Updating user ***************
2026-03-01 11:21:13 [main] INFO  api.test.UserTests2 - ************User is Updated***************
2026-03-01 11:21:15 [main] INFO  api.test.UserTests2 - ************Deleting User***************
2026-03-01 11:21:16 [main] INFO  api.test.UserTests2 - ************User Deleted***************
